# JRE version: OpenJDK Runtime Environment (19.0.2+7) (build 19.0.2+7-44)
# Java VM: OpenJDK 64-Bit Server VM (19.0.2+7-44, mixed mode, emulated-client, sharing, tiered, compressed oops, compressed class ptrs, g1 gc, windows-amd64)
GC Precious Log:
 CardTable entry size: 512
 Card Set container configuration: InlinePtr #cards 5 size 8 Array Of Cards #cards 12 size 40 Howl #buckets 4 coarsen threshold 1843 Howl Bitmap #cards 512 size 80 coarsen threshold 460 Card regions per heap region 1 cards per card region 2048
 CPUs: 4 total, 4 available
 Memory: 3470M
 Large Page Support: Disabled
 NUMA Support: Disabled
 Compressed Oops: Enabled (32-bit)
 Heap Region Size: 1M
 Heap Min Capacity: 8M
 Heap Initial Capacity: 56M
 Heap Max Capacity: 868M
 Pre-touch: Disabled
 Parallel Workers: 4
 Concurrent Workers: 1
 Concurrent Refinement Workers: 4
 Periodic GC: Disabled
Heap:
 garbage-first heap   total 92160K, used 56763K [0x00000000c9c00000, 0x0000000100000000)
  region size 1024K, 22 young (22528K), 3 survivors (3072K)
 Metaspace       used 74126K, committed 74816K, reserved 1114112K
  class space    used 10153K, committed 10496K, reserved 1048576K
GC Heap History (20 events):
Event: 5.381 GC heap before
{Heap before GC invocations=10 (full 0):
 garbage-first heap   total 114688K, used 86058K [0x00000000c9c00000, 0x0000000100000000)
  region size 1024K, 67 young (68608K), 2 survivors (2048K)
 Metaspace       used 33839K, committed 34368K, reserved 1114112K
  class space    used 4579K, committed 4800K, reserved 1048576K
}
Event: 5.393 GC heap after
{Heap after GC invocations=11 (full 0):
 garbage-first heap   total 114688K, used 24157K [0x00000000c9c00000, 0x0000000100000000)
  region size 1024K, 7 young (7168K), 7 survivors (7168K)
 Metaspace       used 33839K, committed 34368K, reserved 1114112K
  class space    used 4579K, committed 4800K, reserved 1048576K
}
Event: 5.681 GC heap before
{Heap before GC invocations=11 (full 0):
 garbage-first heap   total 114688K, used 43613K [0x00000000c9c00000, 0x0000000100000000)
  region size 1024K, 27 young (27648K), 7 survivors (7168K)
 Metaspace       used 35721K, committed 36288K, reserved 1114112K
  class space    used 4829K, committed 5120K, reserved 1048576K
}
Event: 5.692 GC heap after
{Heap after GC invocations=12 (full 0):
 garbage-first heap   total 114688K, used 26014K [0x00000000c9c00000, 0x0000000100000000)
  region size 1024K, 2 young (2048K), 2 survivors (2048K)
 Metaspace       used 35721K, committed 36288K, reserved 1114112K
  class space    used 4829K, committed 5120K, reserved 1048576K
}
Event: 6.961 GC heap before
{Heap before GC invocations=13 (full 0):
 garbage-first heap   total 92160K, used 80286K [0x00000000c9c00000, 0x0000000100000000)
  region size 1024K, 54 young (55296K), 2 survivors (2048K)
 Metaspace       used 45382K, committed 46016K, reserved 1114112K
  class space    used 6007K, committed 6336K, reserved 1048576K
}
Event: 6.966 GC heap after
{Heap after GC invocations=14 (full 0):
 garbage-first heap   total 92160K, used 29093K [0x00000000c9c00000, 0x0000000100000000)
  region size 1024K, 5 young (5120K), 5 survivors (5120K)
 Metaspace       used 45382K, committed 46016K, reserved 1114112K
  class space    used 6007K, committed 6336K, reserved 1048576K
}
Event: 6.984 GC heap before
{Heap before GC invocations=14 (full 0):
 garbage-first heap   total 92160K, used 30117K [0x00000000c9c00000, 0x0000000100000000)
  region size 1024K, 6 young (6144K), 5 survivors (5120K)
 Metaspace       used 45513K, committed 46144K, reserved 1114112K
  class space    used 6019K, committed 6336K, reserved 1048576K
}
Event: 6.989 GC heap after
{Heap after GC invocations=15 (full 0):
 garbage-first heap   total 92160K, used 29816K [0x00000000c9c00000, 0x0000000100000000)
  region size 1024K, 1 young (1024K), 1 survivors (1024K)
 Metaspace       used 45513K, committed 46144K, reserved 1114112K
  class space    used 6019K, committed 6336K, reserved 1048576K
}
Event: 7.954 GC heap before
{Heap before GC invocations=15 (full 0):
 garbage-first heap   total 92160K, used 69752K [0x00000000c9c00000, 0x0000000100000000)
  region size 1024K, 41 young (41984K), 1 survivors (1024K)
 Metaspace       used 49494K, committed 50048K, reserved 1114112K
  class space    used 6524K, committed 6784K, reserved 1048576K
}
Event: 7.958 GC heap after
{Heap after GC invocations=16 (full 0):
 garbage-first heap   total 92160K, used 32263K [0x00000000c9c00000, 0x0000000100000000)
  region size 1024K, 4 young (4096K), 4 survivors (4096K)
 Metaspace       used 49494K, committed 50048K, reserved 1114112K
  class space    used 6524K, committed 6784K, reserved 1048576K
}
Event: 8.867 GC heap before
{Heap before GC invocations=16 (full 0):
 garbage-first heap   total 92160K, used 71175K [0x00000000c9c00000, 0x0000000100000000)
  region size 1024K, 42 young (43008K), 4 survivors (4096K)
 Metaspace       used 56763K, committed 57472K, reserved 1114112K
  class space    used 7600K, committed 7936K, reserved 1048576K
}
Event: 8.872 GC heap after
{Heap after GC invocations=17 (full 0):
 garbage-first heap   total 92160K, used 34213K [0x00000000c9c00000, 0x0000000100000000)
  region size 1024K, 5 young (5120K), 5 survivors (5120K)
 Metaspace       used 56763K, committed 57472K, reserved 1114112K
  class space    used 7600K, committed 7936K, reserved 1048576K
}
Event: 9.141 GC heap before
{Heap before GC invocations=17 (full 0):
 garbage-first heap   total 92160K, used 46501K [0x00000000c9c00000, 0x0000000100000000)
  region size 1024K, 18 young (18432K), 5 survivors (5120K)
 Metaspace       used 60157K, committed 60800K, reserved 1114112K
  class space    used 8046K, committed 8384K, reserved 1048576K
}
Event: 9.146 GC heap after
{Heap after GC invocations=18 (full 0):
 garbage-first heap   total 92160K, used 34730K [0x00000000c9c00000, 0x0000000100000000)
  region size 1024K, 3 young (3072K), 3 survivors (3072K)
 Metaspace       used 60157K, committed 60800K, reserved 1114112K
  class space    used 8046K, committed 8384K, reserved 1048576K
}
Event: 10.057 GC heap before
{Heap before GC invocations=19 (full 0):
 garbage-first heap   total 92160K, used 73642K [0x00000000c9c00000, 0x0000000100000000)
  region size 1024K, 41 young (41984K), 3 survivors (3072K)
 Metaspace       used 69832K, committed 70528K, reserved 1114112K
  class space    used 9592K, committed 9920K, reserved 1048576K
}
Event: 10.061 GC heap after
{Heap after GC invocations=20 (full 0):
 garbage-first heap   total 92160K, used 36124K [0x00000000c9c00000, 0x0000000100000000)
  region size 1024K, 4 young (4096K), 4 survivors (4096K)
 Metaspace       used 69832K, committed 70528K, reserved 1114112K
  class space    used 9592K, committed 9920K, reserved 1048576K
}
Event: 10.066 GC heap before
{Heap before GC invocations=20 (full 0):
 garbage-first heap   total 92160K, used 37148K [0x00000000c9c00000, 0x0000000100000000)
  region size 1024K, 5 young (5120K), 4 survivors (4096K)
 Metaspace       used 69832K, committed 70528K, reserved 1114112K
  class space    used 9592K, committed 9920K, reserved 1048576K
}
Event: 10.071 GC heap after
{Heap after GC invocations=21 (full 0):
 garbage-first heap   total 92160K, used 36001K [0x00000000c9c00000, 0x0000000100000000)
  region size 1024K, 1 young (1024K), 1 survivors (1024K)
 Metaspace       used 69832K, committed 70528K, reserved 1114112K
  class space    used 9592K, committed 9920K, reserved 1048576K
}
Event: 10.425 GC heap before
{Heap before GC invocations=21 (full 0):
 garbage-first heap   total 92160K, used 73889K [0x00000000c9c00000, 0x0000000100000000)
  region size 1024K, 39 young (39936K), 1 survivors (1024K)
 Metaspace       used 71939K, committed 72704K, reserved 1114112K
  class space    used 9858K, committed 10240K, reserved 1048576K
}
Event: 10.429 GC heap after
{Heap after GC invocations=22 (full 0):
 garbage-first heap   total 92160K, used 38331K [0x00000000c9c00000, 0x0000000100000000)
  region size 1024K, 3 young (3072K), 3 survivors (3072K)
 Metaspace       used 71939K, committed 72704K, reserved 1114112K
  class space    used 9858K, committed 10240K, reserved 1048576K
}

