# JRE version: OpenJDK Runtime Environment (19.0.2+7) (build 19.0.2+7-44)
# Java VM: OpenJDK 64-Bit Server VM (19.0.2+7-44, mixed mode, sharing, tiered, compressed oops, compressed class ptrs, g1 gc, windows-amd64)
GC Precious Log:
 CardTable entry size: 512
 Card Set container configuration: InlinePtr #cards 5 size 8 Array Of Cards #cards 12 size 40 Howl #buckets 4 coarsen threshold 1843 Howl Bitmap #cards 512 size 80 coarsen threshold 460 Card regions per heap region 1 cards per card region 2048
 CPUs: 4 total, 4 available
 Memory: 3470M
 Large Page Support: Disabled
 NUMA Support: Disabled
 Compressed Oops: Enabled (32-bit)
 Heap Region Size: 1M
 Heap Min Capacity: 256M
 Heap Initial Capacity: 256M
 Heap Max Capacity: 512M
 Pre-touch: Disabled
 Parallel Workers: 4
 Concurrent Workers: 1
 Concurrent Refinement Workers: 4
 Periodic GC: Disabled
Heap:
 garbage-first heap   total 262144K, used 113890K [0x00000000e0000000, 0x0000000100000000)
  region size 1024K, 37 young (37888K), 2 survivors (2048K)
 Metaspace       used 73122K, committed 75264K, reserved 380928K
  class space    used 9830K, committed 10944K, reserved 315392K
GC Heap History (20 events):
Event: 27.168 GC heap before
{Heap before GC invocations=3 (full 0):
 garbage-first heap   total 262144K, used 110234K [0x00000000e0000000, 0x0000000100000000)
  region size 1024K, 100 young (102400K), 7 survivors (7168K)
 Metaspace       used 20882K, committed 21504K, reserved 380928K
  class space    used 2956K, committed 3264K, reserved 315392K
}
Event: 27.202 GC heap after
{Heap after GC invocations=4 (full 0):
 garbage-first heap   total 262144K, used 23194K [0x00000000e0000000, 0x0000000100000000)
  region size 1024K, 14 young (14336K), 14 survivors (14336K)
 Metaspace       used 20882K, committed 21504K, reserved 380928K
  class space    used 2956K, committed 3264K, reserved 315392K
}
Event: 30.807 GC heap before
{Heap before GC invocations=5 (full 0):
 garbage-first heap   total 262144K, used 111258K [0x00000000e0000000, 0x0000000100000000)
  region size 1024K, 102 young (104448K), 14 survivors (14336K)
 Metaspace       used 34745K, committed 35968K, reserved 380928K
  class space    used 4856K, committed 5504K, reserved 315392K
}
Event: 30.830 GC heap after
{Heap after GC invocations=6 (full 0):
 garbage-first heap   total 262144K, used 29637K [0x00000000e0000000, 0x0000000100000000)
  region size 1024K, 14 young (14336K), 14 survivors (14336K)
 Metaspace       used 34745K, committed 35968K, reserved 380928K
  class space    used 4856K, committed 5504K, reserved 315392K
}
Event: 30.857 GC heap before
{Heap before GC invocations=6 (full 0):
 garbage-first heap   total 262144K, used 30661K [0x00000000e0000000, 0x0000000100000000)
  region size 1024K, 15 young (15360K), 14 survivors (14336K)
 Metaspace       used 34749K, committed 36032K, reserved 380928K
  class space    used 4856K, committed 5504K, reserved 315392K
}
Event: 30.873 GC heap after
{Heap after GC invocations=7 (full 0):
 garbage-first heap   total 262144K, used 30084K [0x00000000e0000000, 0x0000000100000000)
  region size 1024K, 1 young (1024K), 1 survivors (1024K)
 Metaspace       used 34749K, committed 36032K, reserved 380928K
  class space    used 4856K, committed 5504K, reserved 315392K
}
Event: 31.100 GC heap before
{Heap before GC invocations=7 (full 0):
 garbage-first heap   total 262144K, used 49540K [0x00000000e0000000, 0x0000000100000000)
  region size 1024K, 21 young (21504K), 1 survivors (1024K)
 Metaspace       used 35101K, committed 36288K, reserved 380928K
  class space    used 4894K, committed 5504K, reserved 315392K
}
Event: 31.106 GC heap after
{Heap after GC invocations=8 (full 0):
 garbage-first heap   total 262144K, used 31535K [0x00000000e0000000, 0x0000000100000000)
  region size 1024K, 3 young (3072K), 3 survivors (3072K)
 Metaspace       used 35101K, committed 36288K, reserved 380928K
  class space    used 4894K, committed 5504K, reserved 315392K
}
Event: 44.197 GC heap before
{Heap before GC invocations=9 (full 0):
 garbage-first heap   total 262144K, used 191279K [0x00000000e0000000, 0x0000000100000000)
  region size 1024K, 153 young (156672K), 3 survivors (3072K)
 Metaspace       used 50423K, committed 52224K, reserved 380928K
  class space    used 7075K, committed 8000K, reserved 315392K
}
Event: 44.298 GC heap after
{Heap after GC invocations=10 (full 0):
 garbage-first heap   total 262144K, used 42209K [0x00000000e0000000, 0x0000000100000000)
  region size 1024K, 13 young (13312K), 13 survivors (13312K)
 Metaspace       used 50423K, committed 52224K, reserved 380928K
  class space    used 7075K, committed 8000K, reserved 315392K
}
Event: 44.483 GC heap before
{Heap before GC invocations=10 (full 0):
 garbage-first heap   total 262144K, used 43233K [0x00000000e0000000, 0x0000000100000000)
  region size 1024K, 14 young (14336K), 13 survivors (13312K)
 Metaspace       used 50432K, committed 52224K, reserved 380928K
  class space    used 7076K, committed 8000K, reserved 315392K
}
Event: 44.516 GC heap after
{Heap after GC invocations=11 (full 0):
 garbage-first heap   total 262144K, used 43158K [0x00000000e0000000, 0x0000000100000000)
  region size 1024K, 2 young (2048K), 2 survivors (2048K)
 Metaspace       used 50432K, committed 52224K, reserved 380928K
  class space    used 7076K, committed 8000K, reserved 315392K
}
Event: 59.299 GC heap before
{Heap before GC invocations=11 (full 0):
 garbage-first heap   total 262144K, used 192662K [0x00000000e0000000, 0x0000000100000000)
  region size 1024K, 149 young (152576K), 2 survivors (2048K)
 Metaspace       used 56718K, committed 58624K, reserved 380928K
  class space    used 7845K, committed 8832K, reserved 315392K
}
Event: 59.390 GC heap after
{Heap after GC invocations=12 (full 0):
 garbage-first heap   total 262144K, used 54072K [0x00000000e0000000, 0x0000000100000000)
  region size 1024K, 13 young (13312K), 13 survivors (13312K)
 Metaspace       used 56718K, committed 58624K, reserved 380928K
  class space    used 7845K, committed 8832K, reserved 315392K
}
Event: 66.349 GC heap before
{Heap before GC invocations=12 (full 0):
 garbage-first heap   total 262144K, used 149304K [0x00000000e0000000, 0x0000000100000000)
  region size 1024K, 107 young (109568K), 13 survivors (13312K)
 Metaspace       used 58676K, committed 60608K, reserved 380928K
  class space    used 8081K, committed 9088K, reserved 315392K
}
Event: 66.391 GC heap after
{Heap after GC invocations=13 (full 0):
 garbage-first heap   total 262144K, used 55782K [0x00000000e0000000, 0x0000000100000000)
  region size 1024K, 5 young (5120K), 5 survivors (5120K)
 Metaspace       used 58676K, committed 60608K, reserved 380928K
  class space    used 8081K, committed 9088K, reserved 315392K
}
Event: 77.612 GC heap before
{Heap before GC invocations=14 (full 0):
 garbage-first heap   total 262144K, used 208358K [0x00000000e0000000, 0x0000000100000000)
  region size 1024K, 150 young (153600K), 5 survivors (5120K)
 Metaspace       used 69532K, committed 71616K, reserved 380928K
  class space    used 9357K, committed 10432K, reserved 315392K
}
Event: 77.739 GC heap after
{Heap after GC invocations=15 (full 0):
 garbage-first heap   total 262144K, used 77174K [0x00000000e0000000, 0x0000000100000000)
  region size 1024K, 19 young (19456K), 19 survivors (19456K)
 Metaspace       used 69532K, committed 71616K, reserved 380928K
  class space    used 9357K, committed 10432K, reserved 315392K
}
Event: 77.804 GC heap before
{Heap before GC invocations=15 (full 0):
 garbage-first heap   total 262144K, used 78198K [0x00000000e0000000, 0x0000000100000000)
  region size 1024K, 20 young (20480K), 19 survivors (19456K)
 Metaspace       used 69576K, committed 71616K, reserved 380928K
  class space    used 9363K, committed 10432K, reserved 315392K
}
Event: 77.890 GC heap after
{Heap after GC invocations=16 (full 0):
 garbage-first heap   total 262144K, used 79074K [0x00000000e0000000, 0x0000000100000000)
  region size 1024K, 2 young (2048K), 2 survivors (2048K)
 Metaspace       used 69576K, committed 71616K, reserved 380928K
  class space    used 9363K, committed 10432K, reserved 315392K
}

