# JRE version: OpenJDK Runtime Environment (19.0.2+7) (build 19.0.2+7-44)
# Java VM: OpenJDK 64-Bit Server VM (19.0.2+7-44, mixed mode, emulated-client, sharing, tiered, compressed oops, compressed class ptrs, g1 gc, windows-amd64)
GC Precious Log:
 CardTable entry size: 512
 Card Set container configuration: InlinePtr #cards 5 size 8 Array Of Cards #cards 12 size 40 Howl #buckets 4 coarsen threshold 1843 Howl Bitmap #cards 512 size 80 coarsen threshold 460 Card regions per heap region 1 cards per card region 2048
 CPUs: 4 total, 4 available
 Memory: 3470M
 Large Page Support: Disabled
 NUMA Support: Disabled
 Compressed Oops: Enabled (32-bit)
 Heap Region Size: 1M
 Heap Min Capacity: 8M
 Heap Initial Capacity: 56M
 Heap Max Capacity: 868M
 Pre-touch: Disabled
 Parallel Workers: 4
 Concurrent Workers: 1
 Concurrent Refinement Workers: 4
 Periodic GC: Disabled
Heap:
 garbage-first heap   total 95232K, used 56706K [0x00000000c9c00000, 0x0000000100000000)
  region size 1024K, 40 young (40960K), 2 survivors (2048K)
 Metaspace       used 29372K, committed 29888K, reserved 1114112K
  class space    used 3899K, committed 4160K, reserved 1048576K
GC Heap History (18 events):
Event: 1.080 GC heap before
{Heap before GC invocations=0 (full 0):
 garbage-first heap   total 57344K, used 15360K [0x00000000c9c00000, 0x0000000100000000)
  region size 1024K, 13 young (13312K), 0 survivors (0K)
 Metaspace       used 3061K, committed 3264K, reserved 1114112K
  class space    used 352K, committed 448K, reserved 1048576K
}
Event: 1.088 GC heap after
{Heap after GC invocations=1 (full 0):
 garbage-first heap   total 57344K, used 7472K [0x00000000c9c00000, 0x0000000100000000)
  region size 1024K, 2 young (2048K), 2 survivors (2048K)
 Metaspace       used 3061K, committed 3264K, reserved 1114112K
  class space    used 352K, committed 448K, reserved 1048576K
}
Event: 1.892 GC heap before
{Heap before GC invocations=1 (full 0):
 garbage-first heap   total 57344K, used 15664K [0x00000000c9c00000, 0x0000000100000000)
  region size 1024K, 11 young (11264K), 2 survivors (2048K)
 Metaspace       used 6337K, committed 6592K, reserved 1114112K
  class space    used 724K, committed 832K, reserved 1048576K
}
Event: 1.898 GC heap after
{Heap after GC invocations=2 (full 0):
 garbage-first heap   total 57344K, used 9714K [0x00000000c9c00000, 0x0000000100000000)
  region size 1024K, 2 young (2048K), 2 survivors (2048K)
 Metaspace       used 6337K, committed 6592K, reserved 1114112K
  class space    used 724K, committed 832K, reserved 1048576K
}
Event: 2.511 GC heap before
{Heap before GC invocations=2 (full 0):
 garbage-first heap   total 57344K, used 26098K [0x00000000c9c00000, 0x0000000100000000)
  region size 1024K, 18 young (18432K), 2 survivors (2048K)
 Metaspace       used 10439K, committed 10816K, reserved 1114112K
  class space    used 1313K, committed 1472K, reserved 1048576K
}
Event: 2.516 GC heap after
{Heap after GC invocations=3 (full 0):
 garbage-first heap   total 57344K, used 11064K [0x00000000c9c00000, 0x0000000100000000)
  region size 1024K, 3 young (3072K), 3 survivors (3072K)
 Metaspace       used 10439K, committed 10816K, reserved 1114112K
  class space    used 1313K, committed 1472K, reserved 1048576K
}
Event: 2.953 GC heap before
{Heap before GC invocations=3 (full 0):
 garbage-first heap   total 57344K, used 33592K [0x00000000c9c00000, 0x0000000100000000)
  region size 1024K, 26 young (26624K), 3 survivors (3072K)
 Metaspace       used 15564K, committed 15936K, reserved 1114112K
  class space    used 1990K, committed 2176K, reserved 1048576K
}
Event: 2.959 GC heap after
{Heap after GC invocations=4 (full 0):
 garbage-first heap   total 57344K, used 12801K [0x00000000c9c00000, 0x0000000100000000)
  region size 1024K, 4 young (4096K), 4 survivors (4096K)
 Metaspace       used 15564K, committed 15936K, reserved 1114112K
  class space    used 1990K, committed 2176K, reserved 1048576K
}
Event: 3.330 GC heap before
{Heap before GC invocations=4 (full 0):
 garbage-first heap   total 57344K, used 35329K [0x00000000c9c00000, 0x0000000100000000)
  region size 1024K, 27 young (27648K), 4 survivors (4096K)
 Metaspace       used 20447K, committed 20800K, reserved 1114112K
  class space    used 2624K, committed 2752K, reserved 1048576K
}
Event: 3.334 GC heap after
{Heap after GC invocations=5 (full 0):
 garbage-first heap   total 57344K, used 14694K [0x00000000c9c00000, 0x0000000100000000)
  region size 1024K, 4 young (4096K), 4 survivors (4096K)
 Metaspace       used 20447K, committed 20800K, reserved 1114112K
  class space    used 2624K, committed 2752K, reserved 1048576K
}
Event: 3.412 GC heap before
{Heap before GC invocations=5 (full 0):
 garbage-first heap   total 57344K, used 18790K [0x00000000c9c00000, 0x0000000100000000)
  region size 1024K, 9 young (9216K), 4 survivors (4096K)
 Metaspace       used 21111K, committed 21504K, reserved 1114112K
  class space    used 2690K, committed 2880K, reserved 1048576K
}
Event: 3.416 GC heap after
{Heap after GC invocations=6 (full 0):
 garbage-first heap   total 57344K, used 15260K [0x00000000c9c00000, 0x0000000100000000)
  region size 1024K, 3 young (3072K), 3 survivors (3072K)
 Metaspace       used 21111K, committed 21504K, reserved 1114112K
  class space    used 2690K, committed 2880K, reserved 1048576K
}
Event: 3.958 GC heap before
{Heap before GC invocations=7 (full 0):
 garbage-first heap   total 57344K, used 37788K [0x00000000c9c00000, 0x0000000100000000)
  region size 1024K, 25 young (25600K), 3 survivors (3072K)
 Metaspace       used 21982K, committed 22400K, reserved 1114112K
  class space    used 2842K, committed 3072K, reserved 1048576K
}
Event: 3.966 GC heap after
{Heap after GC invocations=8 (full 0):
 garbage-first heap   total 57344K, used 17705K [0x00000000c9c00000, 0x0000000100000000)
  region size 1024K, 3 young (3072K), 3 survivors (3072K)
 Metaspace       used 21982K, committed 22400K, reserved 1114112K
  class space    used 2842K, committed 3072K, reserved 1048576K
}
Event: 3.985 GC heap before
{Heap before GC invocations=8 (full 0):
 garbage-first heap   total 57344K, used 18729K [0x00000000c9c00000, 0x0000000100000000)
  region size 1024K, 4 young (4096K), 3 survivors (3072K)
 Metaspace       used 22012K, committed 22464K, reserved 1114112K
  class space    used 2847K, committed 3072K, reserved 1048576K
}
Event: 3.990 GC heap after
{Heap after GC invocations=9 (full 0):
 garbage-first heap   total 57344K, used 17570K [0x00000000c9c00000, 0x0000000100000000)
  region size 1024K, 1 young (1024K), 1 survivors (1024K)
 Metaspace       used 22012K, committed 22464K, reserved 1114112K
  class space    used 2847K, committed 3072K, reserved 1048576K
}
Event: 4.455 GC heap before
{Heap before GC invocations=9 (full 0):
 garbage-first heap   total 57344K, used 39074K [0x00000000c9c00000, 0x0000000100000000)
  region size 1024K, 23 young (23552K), 1 survivors (1024K)
 Metaspace       used 24068K, committed 24512K, reserved 1114112K
  class space    used 3137K, committed 3392K, reserved 1048576K
}
Event: 4.459 GC heap after
{Heap after GC invocations=10 (full 0):
 garbage-first heap   total 95232K, used 18818K [0x00000000c9c00000, 0x0000000100000000)
  region size 1024K, 2 young (2048K), 2 survivors (2048K)
 Metaspace       used 24068K, committed 24512K, reserved 1114112K
  class space    used 3137K, committed 3392K, reserved 1048576K
}

